<?xml version="1.0" encoding="UTF-8"?>
<!-- Generated by org.testng.reporters.JUnitReportReporter -->
<testsuite skipped="0" hostname="LAPTOP-BB486THE" name="DataProvidersTestNG.TestNGDataProviders.DataProviders" tests="29" failures="0" timestamp="25 Jan 2021 17:25:10 GMT" time="193.312" errors="1">
  <testcase name="login" time="5.601" classname="DataProvidersTestNG.TestNGDataProviders.DataProviders"/>
  <testcase name="login4" time="7.092" classname="DataProvidersTestNG.TestNGDataProviders.DataProviders"/>
  <testcase name="login3" time="6.698" classname="DataProvidersTestNG.TestNGDataProviders.DataProviders"/>
  <testcase name="login3" time="6.287" classname="DataProvidersTestNG.TestNGDataProviders.DataProviders"/>
  <testcase name="login4" time="7.351" classname="DataProvidersTestNG.TestNGDataProviders.DataProviders"/>
  <testcase name="login4" time="6.474" classname="DataProvidersTestNG.TestNGDataProviders.DataProviders"/>
  <testcase name="login7" time="0.000" classname="DataProvidersTestNG.TestNGDataProviders.DataProviders">
    <error type="org.testng.TestNGException" message="
Method private void DataProvidersTestNG.TestNGDataProviders.DataProviders.login7(java.lang.String,java.lang.String) requires a @DataProvider named : le data">
      <![CDATA[org.testng.TestNGException: 
Method private void DataProvidersTestNG.TestNGDataProviders.DataProviders.login7(java.lang.String,java.lang.String) requires a @DataProvider named : le data
	at org.testng.internal.Parameters.findDataProvider(Parameters.java:263)
	at org.testng.internal.Parameters.handleParameters(Parameters.java:425)
	at org.testng.internal.Invoker.handleParameters(Invoker.java:1253)
	at org.testng.internal.Invoker.createParameters(Invoker.java:980)
	at org.testng.internal.Invoker.invokeTestMethods(Invoker.java:1070)
	at org.testng.internal.TestMethodWorker.invokeTestMethods(TestMethodWorker.java:129)
	at org.testng.internal.TestMethodWorker.run(TestMethodWorker.java:112)
	at org.testng.TestRunner.privateRun(TestRunner.java:753)
	at org.testng.TestRunner.run(TestRunner.java:607)
	at org.testng.SuiteRunner.runTest(SuiteRunner.java:368)
	at org.testng.SuiteRunner.runSequentially(SuiteRunner.java:363)
	at org.testng.SuiteRunner.privateRun(SuiteRunner.java:321)
	at org.testng.SuiteRunner.run(SuiteRunner.java:270)
	at org.testng.SuiteRunnerWorker.runSuite(SuiteRunnerWorker.java:52)
	at org.testng.SuiteRunnerWorker.run(SuiteRunnerWorker.java:86)
	at org.testng.TestNG.runSuitesSequentially(TestNG.java:1284)
	at org.testng.TestNG.runSuitesLocally(TestNG.java:1209)
	at org.testng.TestNG.runSuites(TestNG.java:1124)
	at org.testng.TestNG.run(TestNG.java:1096)
	at org.testng.remote.AbstractRemoteTestNG.run(AbstractRemoteTestNG.java:132)
	at org.testng.remote.RemoteTestNG.initAndRun(RemoteTestNG.java:236)
	at org.testng.remote.RemoteTestNG.main(RemoteTestNG.java:81)
]]>
    </error>
  </testcase> <!-- login7 -->
  <testcase name="login6" time="7.322" classname="DataProvidersTestNG.TestNGDataProviders.DataProviders"/>
  <testcase name="login" time="6.836" classname="DataProvidersTestNG.TestNGDataProviders.DataProviders"/>
  <testcase name="login1" time="5.864" classname="DataProvidersTestNG.TestNGDataProviders.DataProviders"/>
  <testcase name="login1" time="6.102" classname="DataProvidersTestNG.TestNGDataProviders.DataProviders"/>
  <testcase name="login5" time="7.184" classname="DataProvidersTestNG.TestNGDataProviders.DataProviders"/>
  <testcase name="login2" time="6.004" classname="DataProvidersTestNG.TestNGDataProviders.DataProviders"/>
  <testcase name="login1" time="6.183" classname="DataProvidersTestNG.TestNGDataProviders.DataProviders"/>
  <testcase name="login2" time="6.701" classname="DataProvidersTestNG.TestNGDataProviders.DataProviders"/>
  <testcase name="login5" time="5.936" classname="DataProvidersTestNG.TestNGDataProviders.DataProviders"/>
  <testcase name="login2" time="6.615" classname="DataProvidersTestNG.TestNGDataProviders.DataProviders"/>
  <testcase name="login4" time="6.292" classname="DataProvidersTestNG.TestNGDataProviders.DataProviders"/>
  <testcase name="login2" time="6.005" classname="DataProvidersTestNG.TestNGDataProviders.DataProviders"/>
  <testcase name="login" time="8.011" classname="DataProvidersTestNG.TestNGDataProviders.DataProviders"/>
  <testcase name="login5" time="8.500" classname="DataProvidersTestNG.TestNGDataProviders.DataProviders"/>
  <testcase name="login6" time="7.227" classname="DataProvidersTestNG.TestNGDataProviders.DataProviders"/>
  <testcase name="login6" time="7.806" classname="DataProvidersTestNG.TestNGDataProviders.DataProviders"/>
  <testcase name="login" time="8.498" classname="DataProvidersTestNG.TestNGDataProviders.DataProviders"/>
  <testcase name="login3" time="6.349" classname="DataProvidersTestNG.TestNGDataProviders.DataProviders"/>
  <testcase name="login3" time="6.973" classname="DataProvidersTestNG.TestNGDataProviders.DataProviders"/>
  <testcase name="login1" time="5.855" classname="DataProvidersTestNG.TestNGDataProviders.DataProviders"/>
  <testcase name="login6" time="9.434" classname="DataProvidersTestNG.TestNGDataProviders.DataProviders"/>
  <testcase name="login5" time="8.112" classname="DataProvidersTestNG.TestNGDataProviders.DataProviders"/>
</testsuite> <!-- DataProvidersTestNG.TestNGDataProviders.DataProviders -->
